<?xml version="1.0" encoding="UTF-8"?>
<!-- Generated by org.testng.reporters.JUnitReportReporter -->
<testsuite hostname="DESKTOP-R97L6J5" failures="0" tests="1" name="com.filta.qa.login_test.LogIn_TestCase" time="55.959" errors="0" timestamp="2020-02-17T23:06:26 IST" skipped="0">
  <testcase classname="com.filta.qa.login_test.LogIn_TestCase" name="signInTesting" time="55.959"/>
</testsuite> <!-- com.filta.qa.login_test.LogIn_TestCase -->
