<?xml version="1.0" encoding="UTF-8"?>
<!-- Generated by org.testng.reporters.JUnitReportReporter -->
<testsuite hostname="DESKTOP-R97L6J5" failures="0" tests="6" name="com.filta.qa.login_test.LogInInvalid_TestCase" time="5.894" errors="0" timestamp="2020-02-26T22:46:42 IST" skipped="0">
  <testcase classname="com.filta.qa.login_test.LogInInvalid_TestCase" name="signInWithInvalidCredentails" time="1.470"/>
  <testcase classname="com.filta.qa.login_test.LogInInvalid_TestCase" name="signInWithInvalidCredentails2" time="1.436"/>
  <testcase classname="com.filta.qa.login_test.LogInInvalid_TestCase" name="signInWithInvalidCredentails4" time="1.390"/>
  <testcase classname="com.filta.qa.login_test.LogInInvalid_TestCase" name="signInWithInvalidCredentails3" time="1.393"/>
  <testcase classname="com.filta.qa.login_test.LogInInvalid_TestCase" name="availableLinks" time="0.072"/>
  <testcase classname="com.filta.qa.login_test.LogInInvalid_TestCase" name="getBrokenLink" time="0.133"/>
</testsuite> <!-- com.filta.qa.login_test.LogInInvalid_TestCase -->
